#-----------------------------------------------------------
# Vivado v2018.3 (64-bit)
# SW Build 2405991 on Thu Dec  6 23:38:27 MST 2018
# IP Build 2404404 on Fri Dec  7 01:43:56 MST 2018
# Start of session at: Thu Jan  8 10:42:07 2026
# Process ID: 25204
# Current directory: E:/SoC/LCD_V2
# Command line: vivado.exe -gui_launcher_event rodinguilauncherevent11928 E:\SoC\LCD_V2\LCD_h.xpr
# Log file: E:/SoC/LCD_V2/vivado.log
# Journal file: E:/SoC/LCD_V2\vivado.jou
#-----------------------------------------------------------
start_gui
open_project E:/SoC/LCD_V2/LCD_h.xpr
Scanning sources...
Finished scanning sources
INFO: [IP_Flow 19-234] Refreshing IP repositories
INFO: [IP_Flow 19-1704] No user IP repositories specified
INFO: [IP_Flow 19-2313] Loaded Vivado IP repository 'E:/Vivado_Design_Suite/Vivado/2018.3/data/ip'.
update_compile_order -fileset sources_1
open_hw
connect_hw_server
INFO: [Labtools 27-2285] Connecting to hw_server url TCP:localhost:3121
open_hw_target
INFO: [Labtoolstcl 44-466] Opening hw_target localhost:3121/xilinx_tcf/Digilent/210203A3D310A
set_property PROGRAM.FILE {E:/SoC/LCD_V2/Update_Bitstream/reflash.bit} [get_hw_devices xc7a200t_0]
current_hw_device [get_hw_devices xc7a200t_0]
refresh_hw_device -update_hw_probes false [lindex [get_hw_devices xc7a200t_0] 0]
INFO: [Labtools 27-1434] Device xc7a200t (JTAG device index = 0) is programmed with a design that has no supported debug core(s) in it.
cd E:/SoC/LCD_V2/Update_Bitstream
source update_bitstream.tcl
# if {[info procs generate_mem] eq ""} {
# 	source update_bitstream_header.tcl
# }
## proc generate_mmi {mmi_file} {
## 	#If the current open implemented design does not equal the latest implementation run, open the implemented design
## 	if {[current_run -implementation] != [current_design]} { open_run [current_run -implementation] }
## 	#Create a list of the BRAM locations in loc_list.
## 	set list_mem [get_property LOC [get_cells -hierarchical -filter { PRIMITIVE_TYPE =~ BMEM.bram.* && NAME =~ "uAHB2RAM*" }]]
## 	set loc_list {}
## 	foreach x $list_mem {
## 		lappend loc_list [string map {RAMB36_ {}} $x]
## 	}
## 	#Write the header to the .mmi file.
## 	set DataWidth "\t\t\t\t\t<DataWidth MSB=\"31\" LSB=\"0\"/>"
## 	set AddressRange "\t\t\t\t\t<AddressRange Begin=\"0\" End=\"4095\"/>"
## 	set Parity "\t\t\t\t\t<Parity ON=\"false\" NumBits=\"0\"/>"
## 	set CloseBitLane "\t\t\t\t</BitLane>"
## 	set PreBitLane "\t\t\t\t<BitLane MemType=\"RAMB36\" Placement=\""
## 	set PostBitLane "\">"
## 	set fd [open "mmi.tmp" w]
## 	puts $fd "<?xml version=\"1.0\" encoding=\"UTF-8\"?>"
## 	puts $fd "<MemInfo Version=\"1\" Minor=\"15\">"
## 	puts $fd "\t<Processor Endianness=\"Little\" InstPath=\"my_bram\">"
## 	puts $fd "\t\t<AddressSpace Name=\"memory\" Begin=\"0\" End=\"16384\">"
## 	puts $fd "\t\t\t<BusBlock>"
## 	set bString ""
## 	#Create a new BitLane object in the .mmi for each BRAM block in loc_list.
## 	foreach BitLane $loc_list {
## 		set bString ""
## 		append bString $PreBitLane $BitLane $PostBitLane
## 		puts $fd $bString
## 		puts $fd $DataWidth
## 		puts $fd $AddressRange
## 		puts $fd $Parity
## 		puts $fd $CloseBitLane
## 	}
## 	#Write the footer to the .mmi file.
## 	puts $fd "\t\t\t</BusBlock>"
## 	puts $fd "\t\t</AddressSpace>"
## 	puts $fd "\t</Processor>"
## 	puts $fd "\t<Config>"
## 	puts $fd "\t\t<Option Name=\"Part\" Val=\"xc7a200tfbg676-2\"/>"
## 	puts $fd "\t</Config>"
## 	puts $fd "\t<DRC>"
## 	puts $fd "\t\t<Rule Name=\"RDADDRCHANGE\" Val=\"false\"/>"
## 	puts $fd "\t</DRC>"
## 	puts $fd "</MemInfo>"
## 	#Move the file from mmi.tmp to bram.mmi, deleting the temporary file.
## 	close $fd
## 	file copy -force mmi.tmp bram.mmi
## 	file delete mmi.tmp
## }
## proc byteReverse {str} {
## 	set strLength [string length $str]
## 	set bytesPerString [ expr {$strLength / 2} ]
## 	set reverseString {}
## 	#Firstly, reverse the string: {0 1 2 3 4 5 6 7} -> {7 6 5 4 3 2 1 0}
## 	for {set i 0} {$i < $strLength} {incr i} {
## 		append reverseString [string index $str [expr {$strLength - $i - 1}]]
## 	}
## 	#Swap the order of the nibbles: {7 6 5 4 3 2 1 0} -> {6 7 4 5 2 3 0 1}
## 	set nibbleSwapString {}
## 	for {set i 0} {$i < $bytesPerString} {incr i} {
## 		append nibbleSwapString [string index $reverseString [expr {2*$i + 1}]]
## 		append nibbleSwapString [string index $reverseString [expr {2*$i }]]
## 	}
## 	set nibbleSwapString
## }
## proc generate_mem {data_file mem_file} {
## 	#Write the Memory Address start prefix to the .mem file
## 	set prefix "@0000"
## 	set fo [open code.tmp w]
## 	puts $fo $prefix
## 	set fi [open $data_file r] 	;#Open the file specified by data_file {code.data} for read.
## 	set bytes_per_word 4		;#Bytes per word - hardcoded to 4 (32-bit words). Used for timing when to write chunks.
## 	set ChunksDone 1			;#ChunksDone is set to <0 at EOF. Used to break out of while loop.
## 	set chunkCounter 0			;#chunkCounter counts up to 4 for each word read in. Once it reaches four the chunk is written to the mem_file.
## 	set chunkList {0 0 0 0}
## 	while {($ChunksDone >= 0)} {
## 		set ChunksDone [gets $fi line]	;#chunksDone contains the latest line of the data_file.
## 		#If the loop has reached EOF, pad the chunkList with "00000000" and write it to the output file before exiting loop.
## 		if {$ChunksDone < 0} {
## 			for {set i $chunkCounter} {$i < $bytes_per_word} {incr i} {
## 				lset chunkList $i "00000000"
## 			}
## 			#Write the padded chunk to the output file.
## 			for {set i 0} {$i < $bytes_per_word} {incr i} {
## 				set lineStr {}
## 				foreach line $chunkList {
## 					append lineStr [string index $line [expr {2*$i} ]]
## 					append lineStr [string index $line [expr {2*$i + 1} ]]
## 				}
## 				puts $fo $lineStr
## 			}
## 		#If the line was not EOF, add the reversed word to the chunkList and increment the loop indicating valid word.
## 		} else {
## 			lset chunkList $chunkCounter [byteReverse $line]
## 			incr chunkCounter
## 		}
## 		#If the number of valid words in the chunk is 4, write the chunk to memory and reset the counter.
## 		if {$chunkCounter == 4} {
## 			set chunkCounter 0
## 			# Write the full chunk to the output file.
## 			for {set i 0} {$i < $bytes_per_word} {incr i} {
## 				set lineStr {}
## 				foreach line $chunkList {
## 					append lineStr [string index $line [expr {2*$i} ]]
## 					append lineStr [string index $line [expr {2*$i + 1} ]]
## 				}
## 				puts $fo $lineStr
## 			}
## 		}
## 	}
## 	close $fi	;#Close the file objects.
## 	close $fo
## 	file copy -force code.tmp $mem_file		;#Overwrite the existing .mem with the .tmp file
## 	file delete code.tmp					;#Delete code.tmp
## }
# generate_mmi bram.mmi					;
WARNING: [Vivado 12-628] No current design set.
INFO: [Netlist 29-17] Analyzing 163 Unisim elements for replacement
INFO: [Netlist 29-28] Unisim Transformation completed in 0 CPU seconds
INFO: [Project 1-479] Netlist was created with Vivado 2018.3
INFO: [Device 21-403] Loading part xc7a200tfbg676-2
INFO: [Project 1-570] Preparing netlist for logic optimization
INFO: [Timing 38-478] Restoring timing data from binary archive.
INFO: [Timing 38-479] Binary timing data restore complete.
INFO: [Project 1-856] Restoring constraints from binary archive.
INFO: [Project 1-853] Binary constraint restore complete.
Reading XDEF placement.
Reading placer database...
Reading XDEF routing.
Read XDEF File: Time (s): cpu = 00:00:00 ; elapsed = 00:00:00.408 . Memory (MB): peak = 2634.469 ; gain = 0.000
Restored from archive | CPU: 0.000000 secs | Memory: 0.000000 MB |
Finished XDEF File Restore: Time (s): cpu = 00:00:00 ; elapsed = 00:00:00.409 . Memory (MB): peak = 2634.469 ; gain = 0.000
Netlist sorting complete. Time (s): cpu = 00:00:00 ; elapsed = 00:00:00.001 . Memory (MB): peak = 2634.469 ; gain = 0.000
INFO: [Project 1-111] Unisim Transformation Summary:
  A total of 4 instances were transformed.
  RAM32M => RAM32M (RAMD32, RAMD32, RAMD32, RAMD32, RAMD32, RAMD32, RAMS32, RAMS32): 4 instances

open_run: Time (s): cpu = 00:00:14 ; elapsed = 00:00:21 . Memory (MB): peak = 2777.973 ; gain = 1007.113
# generate_mem code.hex code.mem			;
# set bitstream [get_property DIRECTORY [current_run -implementation]];
# append bitstream "/AHBLITE_SYS.bit"
# exec updatemem -debug --meminfo bram.mmi --data code.mem --bit $bitstream --proc my_bram --out reflash.bit -force

****** updatemem v2018.3 (64-bit)
  **** SW Build 2405991 on Thu Dec  6 23:38:27 MST 2018
  **** IP Build 2404404 on Fri Dec  7 01:43:56 MST 2018
    ** Copyright 1986-2018 Xilinx, Inc. All Rights Reserved.

source E:/Vivado_Design_Suite/Vivado/2018.3/scripts/updatemem/main.tcl -notrace
Command: update_mem -meminfo bram.mmi -data code.mem -proc my_bram -bit E:/SoC/LCD_V2/LCD_h.runs/impl_1/AHBLITE_SYS.bit -out reflash.bit -force -debug

Dump the BRAM Initialization Strings. 
  ^^^ Bitlane with BRAM Location: RAMB36_X1Y15
  INIT_00:00000000000000000000000000009D7B000000000000000000000000000081FC
  INIT_01:02033D351A00081501320B04322C0C62190162884345084540004A4700000F72
  INIT_02:0F014001FA011BF00001F901041010F90104102800C52027062D35B50A000030
  INIT_03:53202020202046455300000CFC2C1C80000000ECDC00000800081000023A0FC8
  INIT_04:000000000000000000000000000000000020454F48204E455320202020204545
  INIT_05:0000000000000000000000000000000000000000000000000000000000000000
  INIT_06:0000000000000000000000000000000000000000000000000000000000000000
  INIT_07:0000000000000000000000000000000000000000000000000000000000000000
  INIT_08:0000000000000000000000000000000000000000000000000000000000000000
  INIT_09:0000000000000000000000000000000000000000000000000000000000000000
  INIT_0A:0000000000000000000000000000000000000000000000000000000000000000
  INIT_0B:0000000000000000000000000000000000000000000000000000000000000000
  INIT_0C:0000000000000000000000000000000000000000000000000000000000000000
  INIT_0D:0000000000000000000000000000000000000000000000000000000000000000
  INIT_0E:0000000000000000000000000000000000000000000000000000000000000000
  INIT_0F:0000000000000000000000000000000000000000000000000000000000000000
  INIT_10:0000000000000000000000000000000000000000000000000000000000000000
  INIT_11:0000000000000000000000000000000000000000000000000000000000000000
  INIT_12:0000000000000000000000000000000000000000000000000000000000000000
  INIT_13:0000000000000000000000000000000000000000000000000000000000000000
  INIT_14:0000000000000000000000000000000000000000000000000000000000000000
  INIT_15:0000000000000000000000000000000000000000000000000000000000000000
  INIT_16:0000000000000000000000000000000000000000000000000000000000000000
  INIT_17:0000000000000000000000000000000000000000000000000000000000000000
  INIT_18:0000000000000000000000000000000000000000000000000000000000000000
  INIT_19:0000000000000000000000000000000000000000000000000000000000000000
  INIT_1A:0000000000000000000000000000000000000000000000000000000000000000
  INIT_1B:0000000000000000000000000000000000000000000000000000000000000000
  INIT_1C:0000000000000000000000000000000000000000000000000000000000000000
  INIT_1D:0000000000000000000000000000000000000000000000000000000000000000
  INIT_1E:0000000000000000000000000000000000000000000000000000000000000000
  INIT_1F:0000000000000000000000000000000000000000000000000000000000000000
  INIT_20:0000000000000000000000000000000000000000000000000000000000000000
  INIT_21:0000000000000000000000000000000000000000000000000000000000000000
  INIT_22:0000000000000000000000000000000000000000000000000000000000000000
  INIT_23:0000000000000000000000000000000000000000000000000000000000000000
  INIT_24:0000000000000000000000000000000000000000000000000000000000000000
  INIT_25:0000000000000000000000000000000000000000000000000000000000000000
  INIT_26:0000000000000000000000000000000000000000000000000000000000000000
  INIT_27:0000000000000000000000000000000000000000000000000000000000000000
  INIT_28:0000000000000000000000000000000000000000000000000000000000000000
  INIT_29:0000000000000000000000000000000000000000000000000000000000000000
  INIT_2A:0000000000000000000000000000000000000000000000000000000000000000
  INIT_2B:0000000000000000000000000000000000000000000000000000000000000000
  INIT_2C:0000000000000000000000000000000000000000000000000000000000000000
  INIT_2D:0000000000000000000000000000000000000000000000000000000000000000
  INIT_2E:0000000000000000000000000000000000000000000000000000000000000000
  INIT_2F:0000000000000000000000000000000000000000000000000000000000000000
  INIT_30:0000000000000000000000000000000000000000000000000000000000000000
  INIT_31:0000000000000000000000000000000000000000000000000000000000000000
  INIT_32:0000000000000000000000000000000000000000000000000000000000000000
  INIT_33:0000000000000000000000000000000000000000000000000000000000000000
  INIT_34:0000000000000000000000000000000000000000000000000000000000000000
  INIT_35:0000000000000000000000000000000000000000000000000000000000000000
  INIT_36:0000000000000000000000000000000000000000000000000000000000000000
  INIT_37:0000000000000000000000000000000000000000000000000000000000000000
  INIT_38:0000000000000000000000000000000000000000000000000000000000000000
  INIT_39:0000000000000000000000000000000000000000000000000000000000000000
  INIT_3A:0000000000000000000000000000000000000000000000000000000000000000
  INIT_3B:0000000000000000000000000000000000000000000000000000000000000000
  INIT_3C:0000000000000000000000000000000000000000000000000000000000000000
  INIT_3D:0000000000000000000000000000000000000000000000000000000000000000
  INIT_3E:0000000000000000000000000000000000000000000000000000000000000000
  INIT_3F:0000000000000000000000000000000000000000000000000000000000000000
  INIT_40:0000000000000000000000000000000000000000000000000000000000000000
  INIT_41:0000000000000000000000000000000000000000000000000000000000000000
  INIT_42:0000000000000000000000000000000000000000000000000000000000000000
  INIT_43:0000000000000000000000000000000000000000000000000000000000000000
  INIT_44:0000000000000000000000000000000000000000000000000000000000000000
  INIT_45:0000000000000000000000000000000000000000000000000000000000000000
  INIT_46:0000000000000000000000000000000000000000000000000000000000000000
  INIT_47:0000000000000000000000000000000000000000000000000000000000000000
  INIT_48:0000000000000000000000000000000000000000000000000000000000000000
  INIT_49:0000000000000000000000000000000000000000000000000000000000000000
  INIT_4A:0000000000000000000000000000000000000000000000000000000000000000
  INIT_4B:0000000000000000000000000000000000000000000000000000000000000000
  INIT_4C:0000000000000000000000000000000000000000000000000000000000000000
  INIT_4D:0000000000000000000000000000000000000000000000000000000000000000
  INIT_4E:0000000000000000000000000000000000000000000000000000000000000000
  INIT_4F:0000000000000000000000000000000000000000000000000000000000000000
  INIT_50:0000000000000000000000000000000000000000000000000000000000000000
  INIT_51:0000000000000000000000000000000000000000000000000000000000000000
  INIT_52:0000000000000000000000000000000000000000000000000000000000000000
  INIT_53:0000000000000000000000000000000000000000000000000000000000000000
  INIT_54:0000000000000000000000000000000000000000000000000000000000000000
  INIT_55:0000000000000000000000000000000000000000000000000000000000000000
  INIT_56:0000000000000000000000000000000000000000000000000000000000000000
  INIT_57:0000000000000000000000000000000000000000000000000000000000000000
  INIT_58:0000000000000000000000000000000000000000000000000000000000000000
  INIT_59:0000000000000000000000000000000000000000000000000000000000000000
  INIT_5A:0000000000000000000000000000000000000000000000000000000000000000
  INIT_5B:0000000000000000000000000000000000000000000000000000000000000000
  INIT_5C:0000000000000000000000000000000000000000000000000000000000000000
  INIT_5D:0000000000000000000000000000000000000000000000000000000000000000
  INIT_5E:0000000000000000000000000000000000000000000000000000000000000000
  INIT_5F:0000000000000000000000000000000000000000000000000000000000000000
  INIT_60:0000000000000000000000000000000000000000000000000000000000000000
  INIT_61:0000000000000000000000000000000000000000000000000000000000000000
  INIT_62:0000000000000000000000000000000000000000000000000000000000000000
  INIT_63:0000000000000000000000000000000000000000000000000000000000000000
  INIT_64:0000000000000000000000000000000000000000000000000000000000000000
  INIT_65:0000000000000000000000000000000000000000000000000000000000000000
  INIT_66:0000000000000000000000000000000000000000000000000000000000000000
  INIT_67:0000000000000000000000000000000000000000000000000000000000000000
  INIT_68:0000000000000000000000000000000000000000000000000000000000000000
  INIT_69:0000000000000000000000000000000000000000000000000000000000000000
  INIT_6A:0000000000000000000000000000000000000000000000000000000000000000
  INIT_6B:0000000000000000000000000000000000000000000000000000000000000000
  INIT_6C:0000000000000000000000000000000000000000000000000000000000000000
  INIT_6D:0000000000000000000000000000000000000000000000000000000000000000
  INIT_6E:0000000000000000000000000000000000000000000000000000000000000000
  INIT_6F:0000000000000000000000000000000000000000000000000000000000000000
  INIT_70:0000000000000000000000000000000000000000000000000000000000000000
  INIT_71:0000000000000000000000000000000000000000000000000000000000000000
  INIT_72:0000000000000000000000000000000000000000000000000000000000000000
  INIT_73:0000000000000000000000000000000000000000000000000000000000000000
  INIT_74:0000000000000000000000000000000000000000000000000000000000000000
  INIT_75:0000000000000000000000000000000000000000000000000000000000000000
  INIT_76:0000000000000000000000000000000000000000000000000000000000000000
  INIT_77:0000000000000000000000000000000000000000000000000000000000000000
  INIT_78:0000000000000000000000000000000000000000000000000000000000000000
  INIT_79:0000000000000000000000000000000000000000000000000000000000000000
  INIT_7A:0000000000000000000000000000000000000000000000000000000000000000
  INIT_7B:0000000000000000000000000000000000000000000000000000000000000000
  INIT_7C:0000000000000000000000000000000000000000000000000000000000000000
  INIT_7D:0000000000000000000000000000000000000000000000000000000000000000
  INIT_7E:0000000000000000000000000000000000000000000000000000000000000000
  INIT_7F:0000000000000000000000000000000000000000000000000000000000000000

  ^^^ Bitlane with BRAM Location: RAMB36_X0Y16
  INIT_00:000000000000000000000000000001010000000000000000000000000000003F
  INIT_01:2626F843E0F026D12642D12642D046404068B660494860492020F84A242521B6
  INIT_02:49BD1EB5D12248BDF021D130702330D130702348F0E748F8F84A4343E0F0F049
  INIT_03:592020202020464D59000002010202F000E1E4010100BD68B5604920D1206060
  INIT_04:00000000000000000000000000000000002052204520204D592020202020534D
  INIT_05:0000000000000000000000000000000000000000000000000000000000000000
  INIT_06:0000000000000000000000000000000000000000000000000000000000000000
  INIT_07:0000000000000000000000000000000000000000000000000000000000000000
  INIT_08:0000000000000000000000000000000000000000000000000000000000000000
  INIT_09:0000000000000000000000000000000000000000000000000000000000000000
  INIT_0A:0000000000000000000000000000000000000000000000000000000000000000
  INIT_0B:0000000000000000000000000000000000000000000000000000000000000000
  INIT_0C:0000000000000000000000000000000000000000000000000000000000000000
  INIT_0D:0000000000000000000000000000000000000000000000000000000000000000
  INIT_0E:0000000000000000000000000000000000000000000000000000000000000000
  INIT_0F:0000000000000000000000000000000000000000000000000000000000000000
  INIT_10:0000000000000000000000000000000000000000000000000000000000000000
  INIT_11:0000000000000000000000000000000000000000000000000000000000000000
  INIT_12:0000000000000000000000000000000000000000000000000000000000000000
  INIT_13:0000000000000000000000000000000000000000000000000000000000000000
  INIT_14:0000000000000000000000000000000000000000000000000000000000000000
  INIT_15:0000000000000000000000000000000000000000000000000000000000000000
  INIT_16:0000000000000000000000000000000000000000000000000000000000000000
  INIT_17:0000000000000000000000000000000000000000000000000000000000000000
  INIT_18:0000000000000000000000000000000000000000000000000000000000000000
  INIT_19:0000000000000000000000000000000000000000000000000000000000000000
  INIT_1A:0000000000000000000000000000000000000000000000000000000000000000
  INIT_1B:0000000000000000000000000000000000000000000000000000000000000000
  INIT_1C:0000000000000000000000000000000000000000000000000000000000000000
  INIT_1D:0000000000000000000000000000000000000000000000000000000000000000
  INIT_1E:0000000000000000000000000000000000000000000000000000000000000000
  INIT_1F:0000000000000000000000000000000000000000000000000000000000000000
  INIT_20:0000000000000000000000000000000000000000000000000000000000000000
  INIT_21:0000000000000000000000000000000000000000000000000000000000000000
  INIT_22:0000000000000000000000000000000000000000000000000000000000000000
  INIT_23:0000000000000000000000000000000000000000000000000000000000000000
  INIT_24:0000000000000000000000000000000000000000000000000000000000000000
  INIT_25:0000000000000000000000000000000000000000000000000000000000000000
  INIT_26:0000000000000000000000000000000000000000000000000000000000000000
  INIT_27:0000000000000000000000000000000000000000000000000000000000000000
  INIT_28:0000000000000000000000000000000000000000000000000000000000000000
  INIT_29:0000000000000000000000000000000000000000000000000000000000000000
  INIT_2A:0000000000000000000000000000000000000000000000000000000000000000
  INIT_2B:0000000000000000000000000000000000000000000000000000000000000000
  INIT_2C:0000000000000000000000000000000000000000000000000000000000000000
  INIT_2D:0000000000000000000000000000000000000000000000000000000000000000
  INIT_2E:0000000000000000000000000000000000000000000000000000000000000000
  INIT_2F:0000000000000000000000000000000000000000000000000000000000000000
  INIT_30:0000000000000000000000000000000000000000000000000000000000000000
  INIT_31:0000000000000000000000000000000000000000000000000000000000000000
  INIT_32:0000000000000000000000000000000000000000000000000000000000000000
  INIT_33:0000000000000000000000000000000000000000000000000000000000000000
  INIT_34:0000000000000000000000000000000000000000000000000000000000000000
  INIT_35:0000000000000000000000000000000000000000000000000000000000000000
  INIT_36:0000000000000000000000000000000000000000000000000000000000000000
  INIT_37:0000000000000000000000000000000000000000000000000000000000000000
  INIT_38:0000000000000000000000000000000000000000000000000000000000000000
  INIT_39:0000000000000000000000000000000000000000000000000000000000000000
  INIT_3A:0000000000000000000000000000000000000000000000000000000000000000
  INIT_3B:0000000000000000000000000000000000000000000000000000000000000000
  INIT_3C:0000000000000000000000000000000000000000000000000000000000000000
  INIT_3D:0000000000000000000000000000000000000000000000000000000000000000
  INIT_3E:0000000000000000000000000000000000000000000000000000000000000000
  INIT_3F:0000000000000000000000000000000000000000000000000000000000000000
  INIT_40:0000000000000000000000000000000000000000000000000000000000000000
  INIT_41:0000000000000000000000000000000000000000000000000000000000000000
  INIT_42:0000000000000000000000000000000000000000000000000000000000000000
  INIT_43:0000000000000000000000000000000000000000000000000000000000000000
  INIT_44:0000000000000000000000000000000000000000000000000000000000000000
  INIT_45:0000000000000000000000000000000000000000000000000000000000000000
  INIT_46:0000000000000000000000000000000000000000000000000000000000000000
  INIT_47:0000000000000000000000000000000000000000000000000000000000000000
  INIT_48:0000000000000000000000000000000000000000000000000000000000000000
  INIT_49:0000000000000000000000000000000000000000000000000000000000000000
  INIT_4A:0000000000000000000000000000000000000000000000000000000000000000
  INIT_4B:0000000000000000000000000000000000000000000000000000000000000000
  INIT_4C:0000000000000000000000000000000000000000000000000000000000000000
  INIT_4D:0000000000000000000000000000000000000000000000000000000000000000
  INIT_4E:0000000000000000000000000000000000000000000000000000000000000000
  INIT_4F:0000000000000000000000000000000000000000000000000000000000000000
  INIT_50:0000000000000000000000000000000000000000000000000000000000000000
  INIT_51:0000000000000000000000000000000000000000000000000000000000000000
  INIT_52:0000000000000000000000000000000000000000000000000000000000000000
  INIT_53:0000000000000000000000000000000000000000000000000000000000000000
  INIT_54:0000000000000000000000000000000000000000000000000000000000000000
  INIT_55:0000000000000000000000000000000000000000000000000000000000000000
  INIT_56:0000000000000000000000000000000000000000000000000000000000000000
  INIT_57:0000000000000000000000000000000000000000000000000000000000000000
  INIT_58:0000000000000000000000000000000000000000000000000000000000000000
  INIT_59:0000000000000000000000000000000000000000000000000000000000000000
  INIT_5A:0000000000000000000000000000000000000000000000000000000000000000
  INIT_5B:0000000000000000000000000000000000000000000000000000000000000000
  INIT_5C:0000000000000000000000000000000000000000000000000000000000000000
  INIT_5D:0000000000000000000000000000000000000000000000000000000000000000
  INIT_5E:0000000000000000000000000000000000000000000000000000000000000000
  INIT_5F:0000000000000000000000000000000000000000000000000000000000000000
  INIT_60:0000000000000000000000000000000000000000000000000000000000000000
  INIT_61:0000000000000000000000000000000000000000000000000000000000000000
  INIT_62:0000000000000000000000000000000000000000000000000000000000000000
  INIT_63:0000000000000000000000000000000000000000000000000000000000000000
  INIT_64:0000000000000000000000000000000000000000000000000000000000000000
  INIT_65:0000000000000000000000000000000000000000000000000000000000000000
  INIT_66:0000000000000000000000000000000000000000000000000000000000000000
  INIT_67:0000000000000000000000000000000000000000000000000000000000000000
  INIT_68:0000000000000000000000000000000000000000000000000000000000000000
  INIT_69:0000000000000000000000000000000000000000000000000000000000000000
  INIT_6A:0000000000000000000000000000000000000000000000000000000000000000
  INIT_6B:0000000000000000000000000000000000000000000000000000000000000000
  INIT_6C:0000000000000000000000000000000000000000000000000000000000000000
  INIT_6D:0000000000000000000000000000000000000000000000000000000000000000
  INIT_6E:0000000000000000000000000000000000000000000000000000000000000000
  INIT_6F:0000000000000000000000000000000000000000000000000000000000000000
  INIT_70:0000000000000000000000000000000000000000000000000000000000000000
  INIT_71:0000000000000000000000000000000000000000000000000000000000000000
  INIT_72:0000000000000000000000000000000000000000000000000000000000000000
  INIT_73:0000000000000000000000000000000000000000000000000000000000000000
  INIT_74:0000000000000000000000000000000000000000000000000000000000000000
  INIT_75:0000000000000000000000000000000000000000000000000000000000000000
  INIT_76:0000000000000000000000000000000000000000000000000000000000000000
  INIT_77:0000000000000000000000000000000000000000000000000000000000000000
  INIT_78:0000000000000000000000000000000000000000000000000000000000000000
  INIT_79:0000000000000000000000000000000000000000000000000000000000000000
  INIT_7A:0000000000000000000000000000000000000000000000000000000000000000
  INIT_7B:0000000000000000000000000000000000000000000000000000000000000000
  INIT_7C:0000000000000000000000000000000000000000000000000000000000000000
  INIT_7D:0000000000000000000000000000000000000000000000000000000000000000
  INIT_7E:0000000000000000000000000000000000000000000000000000000000000000
  INIT_7F:0000000000000000000000000000000000000000000000000000000000000000

  ^^^ Bitlane with BRAM Location: RAMB36_X0Y15
  INIT_00:0000000000000000000000000000000000000000000000000000000000000000
  INIT_01:35B515000442351F320D02320908000A0A0F3C30070845034808470047054149
  INIT_02:0180FDFF0711410701011F5B011410245B010C1019F005FF00002D0103321131
  INIT_03:532020202020202053000000000000FA00000000000000080E8020880B877F15
  INIT_04:00000000000000000000000000000000002020554C2020205320202020204520
  INIT_05:0000000000000000000000000000000000000000000000000000000000000000
  INIT_06:0000000000000000000000000000000000000000000000000000000000000000
  INIT_07:0000000000000000000000000000000000000000000000000000000000000000
  INIT_08:0000000000000000000000000000000000000000000000000000000000000000
  INIT_09:0000000000000000000000000000000000000000000000000000000000000000
  INIT_0A:0000000000000000000000000000000000000000000000000000000000000000
  INIT_0B:0000000000000000000000000000000000000000000000000000000000000000
  INIT_0C:0000000000000000000000000000000000000000000000000000000000000000
  INIT_0D:0000000000000000000000000000000000000000000000000000000000000000
  INIT_0E:0000000000000000000000000000000000000000000000000000000000000000
  INIT_0F:0000000000000000000000000000000000000000000000000000000000000000
  INIT_10:0000000000000000000000000000000000000000000000000000000000000000
  INIT_11:0000000000000000000000000000000000000000000000000000000000000000
  INIT_12:0000000000000000000000000000000000000000000000000000000000000000
  INIT_13:0000000000000000000000000000000000000000000000000000000000000000
  INIT_14:0000000000000000000000000000000000000000000000000000000000000000
  INIT_15:0000000000000000000000000000000000000000000000000000000000000000
  INIT_16:0000000000000000000000000000000000000000000000000000000000000000
  INIT_17:0000000000000000000000000000000000000000000000000000000000000000
  INIT_18:0000000000000000000000000000000000000000000000000000000000000000
  INIT_19:0000000000000000000000000000000000000000000000000000000000000000
  INIT_1A:0000000000000000000000000000000000000000000000000000000000000000
  INIT_1B:0000000000000000000000000000000000000000000000000000000000000000
  INIT_1C:0000000000000000000000000000000000000000000000000000000000000000
  INIT_1D:0000000000000000000000000000000000000000000000000000000000000000
  INIT_1E:0000000000000000000000000000000000000000000000000000000000000000
  INIT_1F:0000000000000000000000000000000000000000000000000000000000000000
  INIT_20:0000000000000000000000000000000000000000000000000000000000000000
  INIT_21:0000000000000000000000000000000000000000000000000000000000000000
  INIT_22:0000000000000000000000000000000000000000000000000000000000000000
  INIT_23:0000000000000000000000000000000000000000000000000000000000000000
  INIT_24:0000000000000000000000000000000000000000000000000000000000000000
  INIT_25:0000000000000000000000000000000000000000000000000000000000000000
  INIT_26:0000000000000000000000000000000000000000000000000000000000000000
  INIT_27:0000000000000000000000000000000000000000000000000000000000000000
  INIT_28:0000000000000000000000000000000000000000000000000000000000000000
  INIT_29:0000000000000000000000000000000000000000000000000000000000000000
  INIT_2A:0000000000000000000000000000000000000000000000000000000000000000
  INIT_2B:0000000000000000000000000000000000000000000000000000000000000000
  INIT_2C:0000000000000000000000000000000000000000000000000000000000000000
  INIT_2D:0000000000000000000000000000000000000000000000000000000000000000
  INIT_2E:0000000000000000000000000000000000000000000000000000000000000000
  INIT_2F:0000000000000000000000000000000000000000000000000000000000000000
  INIT_30:0000000000000000000000000000000000000000000000000000000000000000
  INIT_31:0000000000000000000000000000000000000000000000000000000000000000
  INIT_32:0000000000000000000000000000000000000000000000000000000000000000
  INIT_33:0000000000000000000000000000000000000000000000000000000000000000
  INIT_34:0000000000000000000000000000000000000000000000000000000000000000
  INIT_35:0000000000000000000000000000000000000000000000000000000000000000
  INIT_36:0000000000000000000000000000000000000000000000000000000000000000
  INIT_37:0000000000000000000000000000000000000000000000000000000000000000
  INIT_38:0000000000000000000000000000000000000000000000000000000000000000
  INIT_39:0000000000000000000000000000000000000000000000000000000000000000
  INIT_3A:0000000000000000000000000000000000000000000000000000000000000000
  INIT_3B:0000000000000000000000000000000000000000000000000000000000000000
  INIT_3C:0000000000000000000000000000000000000000000000000000000000000000
  INIT_3D:0000000000000000000000000000000000000000000000000000000000000000
  INIT_3E:0000000000000000000000000000000000000000000000000000000000000000
  INIT_3F:0000000000000000000000000000000000000000000000000000000000000000
  INIT_40:0000000000000000000000000000000000000000000000000000000000000000
  INIT_41:0000000000000000000000000000000000000000000000000000000000000000
  INIT_42:0000000000000000000000000000000000000000000000000000000000000000
  INIT_43:0000000000000000000000000000000000000000000000000000000000000000
  INIT_44:0000000000000000000000000000000000000000000000000000000000000000
  INIT_45:0000000000000000000000000000000000000000000000000000000000000000
  INIT_46:0000000000000000000000000000000000000000000000000000000000000000
  INIT_47:0000000000000000000000000000000000000000000000000000000000000000
  INIT_48:0000000000000000000000000000000000000000000000000000000000000000
  INIT_49:0000000000000000000000000000000000000000000000000000000000000000
  INIT_4A:0000000000000000000000000000000000000000000000000000000000000000
  INIT_4B:0000000000000000000000000000000000000000000000000000000000000000
  INIT_4C:0000000000000000000000000000000000000000000000000000000000000000
  INIT_4D:0000000000000000000000000000000000000000000000000000000000000000
  INIT_4E:0000000000000000000000000000000000000000000000000000000000000000
  INIT_4F:0000000000000000000000000000000000000000000000000000000000000000
  INIT_50:0000000000000000000000000000000000000000000000000000000000000000
  INIT_51:0000000000000000000000000000000000000000000000000000000000000000
  INIT_52:0000000000000000000000000000000000000000000000000000000000000000
  INIT_53:0000000000000000000000000000000000000000000000000000000000000000
  INIT_54:0000000000000000000000000000000000000000000000000000000000000000
  INIT_55:0000000000000000000000000000000000000000000000000000000000000000
  INIT_56:0000000000000000000000000000000000000000000000000000000000000000
  INIT_57:0000000000000000000000000000000000000000000000000000000000000000
  INIT_58:0000000000000000000000000000000000000000000000000000000000000000
  INIT_59:0000000000000000000000000000000000000000000000000000000000000000
  INIT_5A:0000000000000000000000000000000000000000000000000000000000000000
  INIT_5B:0000000000000000000000000000000000000000000000000000000000000000
  INIT_5C:0000000000000000000000000000000000000000000000000000000000000000
  INIT_5D:0000000000000000000000000000000000000000000000000000000000000000
  INIT_5E:0000000000000000000000000000000000000000000000000000000000000000
  INIT_5F:0000000000000000000000000000000000000000000000000000000000000000
  INIT_60:0000000000000000000000000000000000000000000000000000000000000000
  INIT_61:0000000000000000000000000000000000000000000000000000000000000000
  INIT_62:0000000000000000000000000000000000000000000000000000000000000000
  INIT_63:0000000000000000000000000000000000000000000000000000000000000000
  INIT_64:0000000000000000000000000000000000000000000000000000000000000000
  INIT_65:0000000000000000000000000000000000000000000000000000000000000000
  INIT_66:0000000000000000000000000000000000000000000000000000000000000000
  INIT_67:0000000000000000000000000000000000000000000000000000000000000000
  INIT_68:0000000000000000000000000000000000000000000000000000000000000000
  INIT_69:0000000000000000000000000000000000000000000000000000000000000000
  INIT_6A:0000000000000000000000000000000000000000000000000000000000000000
  INIT_6B:0000000000000000000000000000000000000000000000000000000000000000
  INIT_6C:0000000000000000000000000000000000000000000000000000000000000000
  INIT_6D:0000000000000000000000000000000000000000000000000000000000000000
  INIT_6E:0000000000000000000000000000000000000000000000000000000000000000
  INIT_6F:0000000000000000000000000000000000000000000000000000000000000000
  INIT_70:0000000000000000000000000000000000000000000000000000000000000000
  INIT_71:0000000000000000000000000000000000000000000000000000000000000000
  INIT_72:0000000000000000000000000000000000000000000000000000000000000000
  INIT_73:0000000000000000000000000000000000000000000000000000000000000000
  INIT_74:0000000000000000000000000000000000000000000000000000000000000000
  INIT_75:0000000000000000000000000000000000000000000000000000000000000000
  INIT_76:0000000000000000000000000000000000000000000000000000000000000000
  INIT_77:0000000000000000000000000000000000000000000000000000000000000000
  INIT_78:0000000000000000000000000000000000000000000000000000000000000000
  INIT_79:0000000000000000000000000000000000000000000000000000000000000000
  INIT_7A:0000000000000000000000000000000000000000000000000000000000000000
  INIT_7B:0000000000000000000000000000000000000000000000000000000000000000
  INIT_7C:0000000000000000000000000000000000000000000000000000000000000000
  INIT_7D:0000000000000000000000000000000000000000000000000000000000000000
  INIT_7E:0000000000000000000000000000000000000000000000000000000000000000
  INIT_7F:0000000000000000000000000000000000000000000000000000000000000000

  ^^^ Bitlane with BRAM Location: RAMB36_X1Y16
  INIT_00:0000000000000000000000000000000000000000000000000000000000000000
  INIT_01:4343E0F026F843E042D12642D1262A404623482720604920707049F049606048
  INIT_02:20B5D120BD4068B5F860481E327830481E317830F8B560E7F0F0492626F8F84A
  INIT_03:542020202020204F545150000000000052E0E0000053006049BD206049421C49
  INIT_04:00000000000000000000000000000000002020534C20204F5420202020205452
  INIT_05:0000000000000000000000000000000000000000000000000000000000000000
  INIT_06:0000000000000000000000000000000000000000000000000000000000000000
  INIT_07:0000000000000000000000000000000000000000000000000000000000000000
  INIT_08:0000000000000000000000000000000000000000000000000000000000000000
  INIT_09:0000000000000000000000000000000000000000000000000000000000000000
  INIT_0A:0000000000000000000000000000000000000000000000000000000000000000
  INIT_0B:0000000000000000000000000000000000000000000000000000000000000000
  INIT_0C:0000000000000000000000000000000000000000000000000000000000000000
  INIT_0D:0000000000000000000000000000000000000000000000000000000000000000
  INIT_0E:0000000000000000000000000000000000000000000000000000000000000000
  INIT_0F:0000000000000000000000000000000000000000000000000000000000000000
  INIT_10:0000000000000000000000000000000000000000000000000000000000000000
  INIT_11:0000000000000000000000000000000000000000000000000000000000000000
  INIT_12:0000000000000000000000000000000000000000000000000000000000000000
  INIT_13:0000000000000000000000000000000000000000000000000000000000000000
  INIT_14:0000000000000000000000000000000000000000000000000000000000000000
  INIT_15:0000000000000000000000000000000000000000000000000000000000000000
  INIT_16:0000000000000000000000000000000000000000000000000000000000000000
  INIT_17:0000000000000000000000000000000000000000000000000000000000000000
  INIT_18:0000000000000000000000000000000000000000000000000000000000000000
  INIT_19:0000000000000000000000000000000000000000000000000000000000000000
  INIT_1A:0000000000000000000000000000000000000000000000000000000000000000
  INIT_1B:0000000000000000000000000000000000000000000000000000000000000000
  INIT_1C:0000000000000000000000000000000000000000000000000000000000000000
  INIT_1D:0000000000000000000000000000000000000000000000000000000000000000
  INIT_1E:0000000000000000000000000000000000000000000000000000000000000000
  INIT_1F:0000000000000000000000000000000000000000000000000000000000000000
  INIT_20:0000000000000000000000000000000000000000000000000000000000000000
  INIT_21:0000000000000000000000000000000000000000000000000000000000000000
  INIT_22:0000000000000000000000000000000000000000000000000000000000000000
  INIT_23:0000000000000000000000000000000000000000000000000000000000000000
  INIT_24:0000000000000000000000000000000000000000000000000000000000000000
  INIT_25:0000000000000000000000000000000000000000000000000000000000000000
  INIT_26:0000000000000000000000000000000000000000000000000000000000000000
  INIT_27:0000000000000000000000000000000000000000000000000000000000000000
  INIT_28:0000000000000000000000000000000000000000000000000000000000000000
  INIT_29:0000000000000000000000000000000000000000000000000000000000000000
  INIT_2A:0000000000000000000000000000000000000000000000000000000000000000
  INIT_2B:0000000000000000000000000000000000000000000000000000000000000000
  INIT_2C:0000000000000000000000000000000000000000000000000000000000000000
  INIT_2D:0000000000000000000000000000000000000000000000000000000000000000
  INIT_2E:0000000000000000000000000000000000000000000000000000000000000000
  INIT_2F:0000000000000000000000000000000000000000000000000000000000000000
  INIT_30:0000000000000000000000000000000000000000000000000000000000000000
  INIT_31:0000000000000000000000000000000000000000000000000000000000000000
  INIT_32:0000000000000000000000000000000000000000000000000000000000000000
  INIT_33:0000000000000000000000000000000000000000000000000000000000000000
  INIT_34:0000000000000000000000000000000000000000000000000000000000000000
  INIT_35:0000000000000000000000000000000000000000000000000000000000000000
  INIT_36:0000000000000000000000000000000000000000000000000000000000000000
  INIT_37:0000000000000000000000000000000000000000000000000000000000000000
  INIT_38:0000000000000000000000000000000000000000000000000000000000000000
  INIT_39:0000000000000000000000000000000000000000000000000000000000000000
  INIT_3A:0000000000000000000000000000000000000000000000000000000000000000
  INIT_3B:0000000000000000000000000000000000000000000000000000000000000000
  INIT_3C:0000000000000000000000000000000000000000000000000000000000000000
  INIT_3D:0000000000000000000000000000000000000000000000000000000000000000
  INIT_3E:0000000000000000000000000000000000000000000000000000000000000000
  INIT_3F:0000000000000000000000000000000000000000000000000000000000000000
  INIT_40:0000000000000000000000000000000000000000000000000000000000000000
  INIT_41:0000000000000000000000000000000000000000000000000000000000000000
  INIT_42:0000000000000000000000000000000000000000000000000000000000000000
  INIT_43:0000000000000000000000000000000000000000000000000000000000000000
  INIT_44:0000000000000000000000000000000000000000000000000000000000000000
  INIT_45:0000000000000000000000000000000000000000000000000000000000000000
  INIT_46:0000000000000000000000000000000000000000000000000000000000000000
  INIT_47:0000000000000000000000000000000000000000000000000000000000000000
  INIT_48:0000000000000000000000000000000000000000000000000000000000000000
  INIT_49:0000000000000000000000000000000000000000000000000000000000000000
  INIT_4A:0000000000000000000000000000000000000000000000000000000000000000
  INIT_4B:0000000000000000000000000000000000000000000000000000000000000000
  INIT_4C:0000000000000000000000000000000000000000000000000000000000000000
  INIT_4D:0000000000000000000000000000000000000000000000000000000000000000
  INIT_4E:0000000000000000000000000000000000000000000000000000000000000000
  INIT_4F:0000000000000000000000000000000000000000000000000000000000000000
  INIT_50:0000000000000000000000000000000000000000000000000000000000000000
  INIT_51:0000000000000000000000000000000000000000000000000000000000000000
  INIT_52:0000000000000000000000000000000000000000000000000000000000000000
  INIT_53:0000000000000000000000000000000000000000000000000000000000000000
  INIT_54:0000000000000000000000000000000000000000000000000000000000000000
  INIT_55:0000000000000000000000000000000000000000000000000000000000000000
  INIT_56:0000000000000000000000000000000000000000000000000000000000000000
  INIT_57:0000000000000000000000000000000000000000000000000000000000000000
  INIT_58:0000000000000000000000000000000000000000000000000000000000000000
  INIT_59:0000000000000000000000000000000000000000000000000000000000000000
  INIT_5A:0000000000000000000000000000000000000000000000000000000000000000
  INIT_5B:0000000000000000000000000000000000000000000000000000000000000000
  INIT_5C:0000000000000000000000000000000000000000000000000000000000000000
  INIT_5D:0000000000000000000000000000000000000000000000000000000000000000
  INIT_5E:0000000000000000000000000000000000000000000000000000000000000000
  INIT_5F:0000000000000000000000000000000000000000000000000000000000000000
  INIT_60:0000000000000000000000000000000000000000000000000000000000000000
  INIT_61:0000000000000000000000000000000000000000000000000000000000000000
  INIT_62:0000000000000000000000000000000000000000000000000000000000000000
  INIT_63:0000000000000000000000000000000000000000000000000000000000000000
  INIT_64:0000000000000000000000000000000000000000000000000000000000000000
  INIT_65:0000000000000000000000000000000000000000000000000000000000000000
  INIT_66:0000000000000000000000000000000000000000000000000000000000000000
  INIT_67:0000000000000000000000000000000000000000000000000000000000000000
  INIT_68:0000000000000000000000000000000000000000000000000000000000000000
  INIT_69:0000000000000000000000000000000000000000000000000000000000000000
  INIT_6A:0000000000000000000000000000000000000000000000000000000000000000
  INIT_6B:0000000000000000000000000000000000000000000000000000000000000000
  INIT_6C:0000000000000000000000000000000000000000000000000000000000000000
  INIT_6D:0000000000000000000000000000000000000000000000000000000000000000
  INIT_6E:0000000000000000000000000000000000000000000000000000000000000000
  INIT_6F:0000000000000000000000000000000000000000000000000000000000000000
  INIT_70:0000000000000000000000000000000000000000000000000000000000000000
  INIT_71:0000000000000000000000000000000000000000000000000000000000000000
  INIT_72:0000000000000000000000000000000000000000000000000000000000000000
  INIT_73:0000000000000000000000000000000000000000000000000000000000000000
  INIT_74:0000000000000000000000000000000000000000000000000000000000000000
  INIT_75:0000000000000000000000000000000000000000000000000000000000000000
  INIT_76:0000000000000000000000000000000000000000000000000000000000000000
  INIT_77:0000000000000000000000000000000000000000000000000000000000000000
  INIT_78:0000000000000000000000000000000000000000000000000000000000000000
  INIT_79:0000000000000000000000000000000000000000000000000000000000000000
  INIT_7A:0000000000000000000000000000000000000000000000000000000000000000
  INIT_7B:0000000000000000000000000000000000000000000000000000000000000000
  INIT_7C:0000000000000000000000000000000000000000000000000000000000000000
  INIT_7D:0000000000000000000000000000000000000000000000000000000000000000
  INIT_7E:0000000000000000000000000000000000000000000000000000000000000000
  INIT_7F:0000000000000000000000000000000000000000000000000000000000000000

Loading bitfile E:/SoC/LCD_V2/LCD_h.runs/impl_1/AHBLITE_SYS.bit
Loading data files...
Updating memory content...
Creating bitstream...
Writing bitstream reflash.bit...
0 Infos, 0 Warnings, 0 Critical Warnings and 0 Errors encountered.
update_mem completed successfully
update_mem: Time (s): cpu = 00:00:05 ; elapsed = 00:00:15 . Memory (MB): peak = 546.875 ; gain = 462.293
INFO: [Common 17-206] Exiting updatemem at Thu Jan  8 10:43:32 2026...
set_property PROBES.FILE {} [get_hw_devices xc7a200t_0]
set_property FULL_PROBES.FILE {} [get_hw_devices xc7a200t_0]
set_property PROGRAM.FILE {E:/SoC/LCD_V2/Update_Bitstream/reflash.bit} [get_hw_devices xc7a200t_0]
program_hw_devices [get_hw_devices xc7a200t_0]
INFO: [Labtools 27-3164] End of startup status: HIGH
program_hw_devices: Time (s): cpu = 00:00:03 ; elapsed = 00:00:06 . Memory (MB): peak = 2783.176 ; gain = 0.000
refresh_hw_device [lindex [get_hw_devices xc7a200t_0] 0]
INFO: [Labtools 27-1434] Device xc7a200t (JTAG device index = 0) is programmed with a design that has no supported debug core(s) in it.
set_property PROBES.FILE {} [get_hw_devices xc7a200t_0]
set_property FULL_PROBES.FILE {} [get_hw_devices xc7a200t_0]
set_property PROGRAM.FILE {E:/SoC/LCD_V2/Update_Bitstream/reflash.bit} [get_hw_devices xc7a200t_0]
program_hw_devices [get_hw_devices xc7a200t_0]
INFO: [Labtools 27-3164] End of startup status: HIGH
program_hw_devices: Time (s): cpu = 00:00:03 ; elapsed = 00:00:06 . Memory (MB): peak = 2785.434 ; gain = 0.000
refresh_hw_device [lindex [get_hw_devices xc7a200t_0] 0]
INFO: [Labtools 27-1434] Device xc7a200t (JTAG device index = 0) is programmed with a design that has no supported debug core(s) in it.
