#-----------------------------------------------------------
# updatemem v2018.3 (64-bit)
# SW Build 2405991 on Thu Dec  6 23:38:27 MST 2018
# IP Build 2404404 on Fri Dec  7 01:43:56 MST 2018
# Start of session at: Fri Jan  9 11:35:40 2026
# Process ID: 34420
# Current directory: E:/SoC/LCD_V3/LCD_V2/Update_Bitstream
# Command line: updatemem.exe -mode batch -source E:/Vivado_Design_Suite/Vivado/2018.3/scripts/updatemem/main.tcl -notrace -tclargs -meminfo bram.mmi -data code.mem -proc my_bram -bit E:/SoC/LCD_V3/LCD_V2/LCD_h.runs/impl_1/AHBLITE_SYS.bit -out reflash.bit -force -debug
# Log file: E:/SoC/LCD_V3/LCD_V2/Update_Bitstream/updatemem.log
# Journal file: E:/SoC/LCD_V3/LCD_V2/Update_Bitstream\updatemem.jou
#-----------------------------------------------------------
source E:/Vivado_Design_Suite/Vivado/2018.3/scripts/updatemem/main.tcl -notrace
Command: update_mem -meminfo bram.mmi -data code.mem -proc my_bram -bit E:/SoC/LCD_V3/LCD_V2/LCD_h.runs/impl_1/AHBLITE_SYS.bit -out reflash.bit -force -debug
Loading bitfile E:/SoC/LCD_V3/LCD_V2/LCD_h.runs/impl_1/AHBLITE_SYS.bit
Loading data files...
Updating memory content...
Creating bitstream...
Writing bitstream reflash.bit...
0 Infos, 0 Warnings, 0 Critical Warnings and 0 Errors encountered.
update_mem completed successfully
update_mem: Time (s): cpu = 00:00:04 ; elapsed = 00:00:15 . Memory (MB): peak = 546.441 ; gain = 461.562
INFO: [Common 17-206] Exiting updatemem at Fri Jan  9 11:35:55 2026...
